
**** 03/20/15 22:04:25 *********** Evaluation PSpice (Nov 1999) **************

 * F:\2-2\matlab assignment\project\ex\figure17\FIGURE17.sch


 ****     CIRCUIT DESCRIPTION


******************************************************************************




* Schematics Version 9.1 - Web Update 1
* Tue Mar 17 01:58:30 2015



** Analysis setup **
.DC LIN V_V3 -2 24 4 


* From [PSPICE NETLIST] section of pspiceev.ini:
.lib "nom.lib"

.INC "FIGURE17.net"

**** INCLUDING FIGURE17.net ****
* Schematics Netlist *



D_D1         $N_0001 0 D1N4148 
I_I1         0 $N_0001 DC 2.55  
R_R11         0 $N_0001  45  
R_R21         $N_0001 $N_0002  0.019  
R_Ra         $N_0003 $N_0002  28k  
R_Rb         0 $N_0003  10k  
V_V3         $N_0004 $N_0002 5V
V_V4         $N_0005 0  
+PULSE 0 32.9 0 
M_M1         $N_0004 $N_0007 $N_0006 $N_0006 IRF150
R_Rsense         $N_0006 0  1  
R_R14         0 $N_0008  0.5k  
R_R12         $N_0006 $N_0009  1k  
R_R8         $N_0009 $N_0010  1k  
X_U2         $N_0005 $N_0006 $N_0011 $N_0012 $N_0007 uA741
X_U4         $N_0008 $N_0009 $N_0011 $N_0012 $N_0010 uA741
V_V1         $N_0011 0 5V
V_V2         0 $N_0012 5V

**** RESUMING FIGURE17.cir ****
.INC "FIGURE17.als"



**** INCLUDING FIGURE17.als ****
* Schematics Aliases *

.ALIASES
D_D1            D1(1=$N_0001 2=0 )
I_I1            I1(+=0 -=$N_0001 )
R_R11           R11(1=0 2=$N_0001 )
R_R21           R21(1=$N_0001 2=$N_0002 )
R_Ra            Ra(1=$N_0003 2=$N_0002 )
R_Rb            Rb(1=0 2=$N_0003 )
V_V3            V3(+=$N_0004 -=$N_0002 )
V_V4            V4(+=$N_0005 -=0 )
M_M1            M1(d=$N_0004 g=$N_0007 s=$N_0006 s=$N_0006 )
R_Rsense          Rsense(1=$N_0006 2=0 )
R_R14           R14(1=0 2=$N_0008 )
R_R12           R12(1=$N_0006 2=$N_0009 )
R_R8            R8(1=$N_0009 2=$N_0010 )
X_U2            U2(+=$N_0005 -=$N_0006 V+=$N_0011 V-=$N_0012 OUT=$N_0007 )
X_U4            U4(+=$N_0008 -=$N_0009 V+=$N_0011 V-=$N_0012 OUT=$N_0010 )
V_V1            V1(+=$N_0011 -=0 )
V_V2            V2(+=0 -=$N_0012 )
.ENDALIASES


**** RESUMING FIGURE17.cir ****
.probe


.END

**** 03/20/15 22:04:25 *********** Evaluation PSpice (Nov 1999) **************

 * F:\2-2\matlab assignment\project\ex\figure17\FIGURE17.sch


 ****     Diode MODEL PARAMETERS


******************************************************************************




               D1N4148         X_U2.dx         X_U4.dx         
          IS    2.682000E-09  800.000000E-18  800.000000E-18 
           N    1.836                                        
         ISR    1.565000E-09                                 
         IKF     .04417                                      
          BV  100                                            
         IBV  100.000000E-06                                 
          RS     .5664          1               1            
          TT   11.540000E-09                                 
         CJO    4.000000E-12                                 
          VJ     .5                                          
           M     .3333                                       


**** 03/20/15 22:04:25 *********** Evaluation PSpice (Nov 1999) **************

 * F:\2-2\matlab assignment\project\ex\figure17\FIGURE17.sch


 ****     BJT MODEL PARAMETERS


******************************************************************************




               X_U2.qx         X_U4.qx         
               NPN             NPN             
          IS  800.000000E-18  800.000000E-18 
          BF   93.75           93.75         
          NF    1               1            
          BR    1               1            
          NR    1               1            
          CN    2.42            2.42         
           D     .87             .87         


**** 03/20/15 22:04:25 *********** Evaluation PSpice (Nov 1999) **************

 * F:\2-2\matlab assignment\project\ex\figure17\FIGURE17.sch


 ****     MOSFET MODEL PARAMETERS


******************************************************************************




               IRF150          
               NMOS            
       LEVEL    3            
           L    2.000000E-06 
           W     .3          
         VTO    2.831        
          KP   20.530000E-06 
       GAMMA    0            
         PHI     .6          
      LAMBDA    0            
          RD    1.031000E-03 
          RS    1.624000E-03 
          RG   13.89         
         RDS  444.400000E+03 
          IS  194.000000E-18 
          JS    0            
          PB     .8          
        PBSW     .8          
         CBD    3.229000E-09 
          CJ    0            
        CJSW    0            
          TT  288.000000E-09 
        CGSO    9.027000E-09 
        CGDO    1.679000E-09 
        CGBO    0            
         TOX  100.000000E-09 
          XJ    0            
       UCRIT   10.000000E+03 
       DELTA    0            
         ETA    0            
       KAPPA    1.000000E-12 
      DIOMOD    1            
         VFB    0            
        LETA    0            
        WETA    0            
          U0    0            
        TEMP    0            
         VDD    0            
       XPART    0            



          JOB CONCLUDED

          TOTAL JOB TIME             .09
